This file contains any messages produced by compilers while
running configure, to aid debugging if configure makes a mistake.

It was created by Verilator configure 4.014 2019-05-08, which was
generated by GNU Autoconf 2.69.  Invocation command line was

  $ ./configure --prefix=/home/ethan/Documents/openpiton/piton/design/chip/tile/ariane//tmp/verilator-4.014/

## --------- ##
## Platform. ##
## --------- ##

hostname = ethan-XPS-15-9560
uname -m = x86_64
uname -r = 5.8.0-41-generic
uname -s = Linux
uname -v = #46~20.04.1-Ubuntu SMP Mon Jan 18 17:52:23 UTC 2021

/usr/bin/uname -p = x86_64
/bin/uname -X     = unknown

/bin/arch              = x86_64
/usr/bin/arch -k       = unknown
/usr/convex/getsysinfo = unknown
/usr/bin/hostinfo      = unknown
/bin/machine           = unknown
/usr/bin/oslevel       = unknown
/bin/universe          = unknown

PATH: /home/ethan/Documents/openpiton/piton/tools/bin
PATH: /usr/bin
PATH: /home/ethan/Documents/riscv_install/bin
PATH: /home/ethan/Documents/openpiton/piton/design/chip/tile/ariane//tmp/verilator-4.014//bin
PATH: /home/ethan/.local/bin
PATH: /usr/local/sbin
PATH: /usr/local/bin
PATH: /usr/sbin
PATH: /usr/bin
PATH: /sbin
PATH: /bin
PATH: /usr/games
PATH: /usr/local/games
PATH: /snap/bin


## ----------- ##
## Core tests. ##
## ----------- ##

configure:2144: result: configuring for Verilator 4.014 2019-05-08
configure:2165: checking whether to use hardcoded paths
configure:2179: result: yes
configure:2183: checking whether to show and stop on compilation warnings
configure:2201: result: no
configure:2205: checking whether to run long tests
configure:2223: result: no
configure:2227: checking whether allow pre-C++11
configure:2242: result: no
configure:2300: checking for gcc
configure:2327: result: gcc
configure:2556: checking for C compiler version
configure:2565: gcc --version >&5
gcc (Ubuntu 9.3.0-17ubuntu1~20.04) 9.3.0
Copyright (C) 2019 Free Software Foundation, Inc.
This is free software; see the source for copying conditions.  There is NO
warranty; not even for MERCHANTABILITY or FITNESS FOR A PARTICULAR PURPOSE.

configure:2576: $? = 0
configure:2565: gcc -v >&5
Using built-in specs.
COLLECT_GCC=gcc
COLLECT_LTO_WRAPPER=/usr/lib/gcc/x86_64-linux-gnu/9/lto-wrapper
OFFLOAD_TARGET_NAMES=nvptx-none:hsa
OFFLOAD_TARGET_DEFAULT=1
Target: x86_64-linux-gnu
Configured with: ../src/configure -v --with-pkgversion='Ubuntu 9.3.0-17ubuntu1~20.04' --with-bugurl=file:///usr/share/doc/gcc-9/README.Bugs --enable-languages=c,ada,c++,go,brig,d,fortran,objc,obj-c++,gm2 --prefix=/usr --with-gcc-major-version-only --program-suffix=-9 --program-prefix=x86_64-linux-gnu- --enable-shared --enable-linker-build-id --libexecdir=/usr/lib --without-included-gettext --enable-threads=posix --libdir=/usr/lib --enable-nls --enable-clocale=gnu --enable-libstdcxx-debug --enable-libstdcxx-time=yes --with-default-libstdcxx-abi=new --enable-gnu-unique-object --disable-vtable-verify --enable-plugin --enable-default-pie --with-system-zlib --with-target-system-zlib=auto --enable-objc-gc=auto --enable-multiarch --disable-werror --with-arch-32=i686 --with-abi=m64 --with-multilib-list=m32,m64,mx32 --enable-multilib --with-tune=generic --enable-offload-targets=nvptx-none=/build/gcc-9-HskZEa/gcc-9-9.3.0/debian/tmp-nvptx/usr,hsa --without-cuda-driver --enable-checking=release --build=x86_64-linux-gnu --host=x86_64-linux-gnu --target=x86_64-linux-gnu
Thread model: posix
gcc version 9.3.0 (Ubuntu 9.3.0-17ubuntu1~20.04) 
configure:2576: $? = 0
configure:2565: gcc -V >&5
gcc: error: unrecognized command line option '-V'
gcc: fatal error: no input files
compilation terminated.
configure:2576: $? = 1
configure:2565: gcc -qversion >&5
gcc: error: unrecognized command line option '-qversion'; did you mean '--version'?
gcc: fatal error: no input files
compilation terminated.
configure:2576: $? = 1
configure:2596: checking whether the C compiler works
configure:2618: gcc -I${prefix}/include -I${prefix}/include -L${exec_prefix}/lib conftest.c  >&5
configure:2622: $? = 0
configure:2670: result: yes
configure:2673: checking for C compiler default output file name
configure:2675: result: a.out
configure:2681: checking for suffix of executables
configure:2688: gcc -o conftest -I${prefix}/include -I${prefix}/include -L${exec_prefix}/lib conftest.c  >&5
configure:2692: $? = 0
configure:2714: result: 
configure:2736: checking whether we are cross compiling
configure:2744: gcc -o conftest -I${prefix}/include -I${prefix}/include -L${exec_prefix}/lib conftest.c  >&5
configure:2748: $? = 0
configure:2755: ./conftest
configure:2759: $? = 0
configure:2747: result: no
configure:2752: checking for suffix of object files
configure:2774: gcc -c -I${prefix}/include -I${prefix}/include conftest.c >&5
configure:2778: $? = 0
configure:2799: result: o
configure:2803: checking whether we are using the GNU C compiler
configure:2822: gcc -c -I${prefix}/include -I${prefix}/include conftest.c >&5
configure:2822: $? = 0
configure:2831: result: yes
configure:2840: checking whether gcc accepts -g
configure:2860: gcc -c -g -I${prefix}/include conftest.c >&5
configure:2860: $? = 0
configure:2901: result: yes
configure:2918: checking for gcc option to accept ISO C89
configure:2981: gcc  -c -I${prefix}/include -I${prefix}/include conftest.c >&5
configure:2981: $? = 0
configure:2994: result: none needed
configure:3126: checking for C++ compiler version
configure:3135: g++ --version >&5
g++ (Ubuntu 9.3.0-17ubuntu1~20.04) 9.3.0
Copyright (C) 2019 Free Software Foundation, Inc.
This is free software; see the source for copying conditions.  There is NO
warranty; not even for MERCHANTABILITY or FITNESS FOR A PARTICULAR PURPOSE.

configure:3146: $? = 0
configure:3135: g++ -v >&5
Using built-in specs.
COLLECT_GCC=g++
COLLECT_LTO_WRAPPER=/usr/lib/gcc/x86_64-linux-gnu/9/lto-wrapper
OFFLOAD_TARGET_NAMES=nvptx-none:hsa
OFFLOAD_TARGET_DEFAULT=1
Target: x86_64-linux-gnu
Configured with: ../src/configure -v --with-pkgversion='Ubuntu 9.3.0-17ubuntu1~20.04' --with-bugurl=file:///usr/share/doc/gcc-9/README.Bugs --enable-languages=c,ada,c++,go,brig,d,fortran,objc,obj-c++,gm2 --prefix=/usr --with-gcc-major-version-only --program-suffix=-9 --program-prefix=x86_64-linux-gnu- --enable-shared --enable-linker-build-id --libexecdir=/usr/lib --without-included-gettext --enable-threads=posix --libdir=/usr/lib --enable-nls --enable-clocale=gnu --enable-libstdcxx-debug --enable-libstdcxx-time=yes --with-default-libstdcxx-abi=new --enable-gnu-unique-object --disable-vtable-verify --enable-plugin --enable-default-pie --with-system-zlib --with-target-system-zlib=auto --enable-objc-gc=auto --enable-multiarch --disable-werror --with-arch-32=i686 --with-abi=m64 --with-multilib-list=m32,m64,mx32 --enable-multilib --with-tune=generic --enable-offload-targets=nvptx-none=/build/gcc-9-HskZEa/gcc-9-9.3.0/debian/tmp-nvptx/usr,hsa --without-cuda-driver --enable-checking=release --build=x86_64-linux-gnu --host=x86_64-linux-gnu --target=x86_64-linux-gnu
Thread model: posix
gcc version 9.3.0 (Ubuntu 9.3.0-17ubuntu1~20.04) 
configure:3146: $? = 0
configure:3135: g++ -V >&5
g++: error: unrecognized command line option '-V'
g++: fatal error: no input files
compilation terminated.
configure:3146: $? = 1
configure:3135: g++ -qversion >&5
g++: error: unrecognized command line option '-qversion'; did you mean '--version'?
g++: fatal error: no input files
compilation terminated.
configure:3146: $? = 1
configure:3150: checking whether we are using the GNU C++ compiler
configure:3169: g++ -c -I${prefix}/include -I${prefix}/include conftest.cpp >&5
configure:3169: $? = 0
configure:3178: result: yes
configure:3187: checking whether g++ accepts -g
configure:3207: g++ -c -g -I${prefix}/include conftest.cpp >&5
configure:3207: $? = 0
configure:3248: result: yes
configure:3314: checking for a BSD-compatible install
configure:3382: result: /usr/bin/install -c
configure:3401: result: compiler is g++ --version = g++ (Ubuntu 9.3.0-17ubuntu1~20.04) 9.3.0
configure:3403: checking that C++ compiler can compile simple program
configure:3414: g++ -o conftest -I${prefix}/include -I${prefix}/include -L${exec_prefix}/lib conftest.cpp  >&5
configure:3414: $? = 0
configure:3414: ./conftest
configure:3414: $? = 0
configure:3415: result: yes
configure:3428: checking for perl
configure:3446: found /usr/bin/perl
configure:3458: result: /usr/bin/perl
configure:3471: checking for flex
configure:3489: found /usr/bin/flex
configure:3501: result: /usr/bin/flex
configure:3514: checking for bison
configure:3532: found /usr/bin/bison
configure:3544: result: /usr/bin/bison
configure:3564: checking how to run the C++ preprocessor
configure:3591: g++ -E -I${prefix}/include conftest.cpp
configure:3591: $? = 0
configure:3605: g++ -E -I${prefix}/include conftest.cpp
conftest.cpp:9:10: fatal error: ac_nonexistent.h: No such file or directory
    9 | #include <ac_nonexistent.h>
      |          ^~~~~~~~~~~~~~~~~~
compilation terminated.
configure:3605: $? = 1
configure: failed program was:
| /* confdefs.h */
| #define PACKAGE_NAME "Verilator"
| #define PACKAGE_TARNAME "verilator"
| #define PACKAGE_VERSION "4.014 2019-05-08"
| #define PACKAGE_STRING "Verilator 4.014 2019-05-08"
| #define PACKAGE_BUGREPORT "https://www.veripool.org/verilator"
| #define PACKAGE_URL "https://www.veripool.org/verilator"
| /* end confdefs.h.  */
| #include <ac_nonexistent.h>
configure:3630: result: g++ -E
configure:3650: g++ -E -I${prefix}/include conftest.cpp
configure:3650: $? = 0
configure:3664: g++ -E -I${prefix}/include conftest.cpp
conftest.cpp:9:10: fatal error: ac_nonexistent.h: No such file or directory
    9 | #include <ac_nonexistent.h>
      |          ^~~~~~~~~~~~~~~~~~
compilation terminated.
configure:3664: $? = 1
configure: failed program was:
| /* confdefs.h */
| #define PACKAGE_NAME "Verilator"
| #define PACKAGE_TARNAME "verilator"
| #define PACKAGE_VERSION "4.014 2019-05-08"
| #define PACKAGE_STRING "Verilator 4.014 2019-05-08"
| #define PACKAGE_BUGREPORT "https://www.veripool.org/verilator"
| #define PACKAGE_URL "https://www.veripool.org/verilator"
| /* end confdefs.h.  */
| #include <ac_nonexistent.h>
configure:3693: checking for grep that handles long lines and -e
configure:3751: result: /usr/bin/grep
configure:3756: checking for egrep
configure:3818: result: /usr/bin/grep -E
configure:3823: checking for ANSI C header files
configure:3843: g++ -c -I${prefix}/include -I${prefix}/include conftest.cpp >&5
configure:3843: $? = 0
configure:3916: g++ -o conftest -I${prefix}/include -I${prefix}/include -L${exec_prefix}/lib conftest.cpp  >&5
configure:3916: $? = 0
configure:3916: ./conftest
configure:3916: $? = 0
configure:3927: result: yes
configure:3940: checking for sys/types.h
configure:3940: g++ -c -I${prefix}/include -I${prefix}/include conftest.cpp >&5
configure:3940: $? = 0
configure:3940: result: yes
configure:3940: checking for sys/stat.h
configure:3940: g++ -c -I${prefix}/include -I${prefix}/include conftest.cpp >&5
configure:3940: $? = 0
configure:3940: result: yes
configure:3940: checking for stdlib.h
configure:3940: g++ -c -I${prefix}/include -I${prefix}/include conftest.cpp >&5
configure:3940: $? = 0
configure:3940: result: yes
configure:3940: checking for string.h
configure:3940: g++ -c -I${prefix}/include -I${prefix}/include conftest.cpp >&5
configure:3940: $? = 0
configure:3940: result: yes
configure:3940: checking for memory.h
configure:3940: g++ -c -I${prefix}/include -I${prefix}/include conftest.cpp >&5
configure:3940: $? = 0
configure:3940: result: yes
configure:3940: checking for strings.h
configure:3940: g++ -c -I${prefix}/include -I${prefix}/include conftest.cpp >&5
configure:3940: $? = 0
configure:3940: result: yes
configure:3940: checking for inttypes.h
configure:3940: g++ -c -I${prefix}/include -I${prefix}/include conftest.cpp >&5
configure:3940: $? = 0
configure:3940: result: yes
configure:3940: checking for stdint.h
configure:3940: g++ -c -I${prefix}/include -I${prefix}/include conftest.cpp >&5
configure:3940: $? = 0
configure:3940: result: yes
configure:3940: checking for unistd.h
configure:3940: g++ -c -I${prefix}/include -I${prefix}/include conftest.cpp >&5
configure:3940: $? = 0
configure:3940: result: yes
configure:3952: checking for size_t
configure:3952: g++ -c -I${prefix}/include -I${prefix}/include conftest.cpp >&5
configure:3952: $? = 0
configure:3952: g++ -c -I${prefix}/include -I${prefix}/include conftest.cpp >&5
conftest.cpp: In function 'int main()':
conftest.cpp:55:20: error: expected primary-expression before ')' token
   55 | if (sizeof ((size_t)))
      |                    ^
configure:3952: $? = 1
configure: failed program was:
| /* confdefs.h */
| #define PACKAGE_NAME "Verilator"
| #define PACKAGE_TARNAME "verilator"
| #define PACKAGE_VERSION "4.014 2019-05-08"
| #define PACKAGE_STRING "Verilator 4.014 2019-05-08"
| #define PACKAGE_BUGREPORT "https://www.veripool.org/verilator"
| #define PACKAGE_URL "https://www.veripool.org/verilator"
| #define STDC_HEADERS 1
| #define HAVE_SYS_TYPES_H 1
| #define HAVE_SYS_STAT_H 1
| #define HAVE_STDLIB_H 1
| #define HAVE_STRING_H 1
| #define HAVE_MEMORY_H 1
| #define HAVE_STRINGS_H 1
| #define HAVE_INTTYPES_H 1
| #define HAVE_STDINT_H 1
| #define HAVE_UNISTD_H 1
| /* end confdefs.h.  */
| #include <stdio.h>
| #ifdef HAVE_SYS_TYPES_H
| # include <sys/types.h>
| #endif
| #ifdef HAVE_SYS_STAT_H
| # include <sys/stat.h>
| #endif
| #ifdef STDC_HEADERS
| # include <stdlib.h>
| # include <stddef.h>
| #else
| # ifdef HAVE_STDLIB_H
| #  include <stdlib.h>
| # endif
| #endif
| #ifdef HAVE_STRING_H
| # if !defined STDC_HEADERS && defined HAVE_MEMORY_H
| #  include <memory.h>
| # endif
| # include <string.h>
| #endif
| #ifdef HAVE_STRINGS_H
| # include <strings.h>
| #endif
| #ifdef HAVE_INTTYPES_H
| # include <inttypes.h>
| #endif
| #ifdef HAVE_STDINT_H
| # include <stdint.h>
| #endif
| #ifdef HAVE_UNISTD_H
| # include <unistd.h>
| #endif
| int
| main ()
| {
| if (sizeof ((size_t)))
| 	    return 0;
|   ;
|   return 0;
| }
configure:3952: result: yes
configure:3963: checking for size_t
configure:3963: result: yes
configure:3976: checking for inline
configure:3992: g++ -c -I${prefix}/include -I${prefix}/include conftest.cpp >&5
configure:3992: $? = 0
configure:4000: result: inline
configure:4030: g++ -o conftest -I${prefix}/include -I${prefix}/include -L${exec_prefix}/lib conftest.cpp  >&5
configure:4030: $? = 0
configure:4063: checking whether g++ accepts -std=gnu++14
configure:4076: g++ -o conftest -I${prefix}/include -std=gnu++14 -Werror -I${prefix}/include -L${exec_prefix}/lib conftest.cpp  >&5
configure:4076: $? = 0
configure:4103: g++ -c -I${prefix}/include -std=gnu++14 -Werror -I${prefix}/include conftest.cpp >&5
conftest.cpp:19:1: error: 'an_error' does not name a type
   19 | an_error "intentional-error-for-test.h"
      | ^~~~~~~~
configure:4103: $? = 1
configure: failed program was:
| /* confdefs.h */
| #define PACKAGE_NAME "Verilator"
| #define PACKAGE_TARNAME "verilator"
| #define PACKAGE_VERSION "4.014 2019-05-08"
| #define PACKAGE_STRING "Verilator 4.014 2019-05-08"
| #define PACKAGE_BUGREPORT "https://www.veripool.org/verilator"
| #define PACKAGE_URL "https://www.veripool.org/verilator"
| #define STDC_HEADERS 1
| #define HAVE_SYS_TYPES_H 1
| #define HAVE_SYS_STAT_H 1
| #define HAVE_STDLIB_H 1
| #define HAVE_STRING_H 1
| #define HAVE_MEMORY_H 1
| #define HAVE_STRINGS_H 1
| #define HAVE_INTTYPES_H 1
| #define HAVE_STDINT_H 1
| #define HAVE_UNISTD_H 1
| /* end confdefs.h.  */
| an_error "intentional-error-for-test.h"
| 
| int
| main ()
| {
| 
|   ;
|   return 0;
| }
configure:4114: result: yes
configure:4481: checking whether g++ accepts -std=c++03
configure:4494: g++ -o conftest -I${prefix}/include -std=c++03 -Werror -I${prefix}/include -L${exec_prefix}/lib conftest.cpp  >&5
configure:4494: $? = 0
configure:4521: g++ -c -I${prefix}/include -std=c++03 -Werror -I${prefix}/include conftest.cpp >&5
conftest.cpp:19:1: error: 'an_error' does not name a type
   19 | an_error "intentional-error-for-test.h"
      | ^~~~~~~~
configure:4521: $? = 1
configure: failed program was:
| /* confdefs.h */
| #define PACKAGE_NAME "Verilator"
| #define PACKAGE_TARNAME "verilator"
| #define PACKAGE_VERSION "4.014 2019-05-08"
| #define PACKAGE_STRING "Verilator 4.014 2019-05-08"
| #define PACKAGE_BUGREPORT "https://www.veripool.org/verilator"
| #define PACKAGE_URL "https://www.veripool.org/verilator"
| #define STDC_HEADERS 1
| #define HAVE_SYS_TYPES_H 1
| #define HAVE_SYS_STAT_H 1
| #define HAVE_STDLIB_H 1
| #define HAVE_STRING_H 1
| #define HAVE_MEMORY_H 1
| #define HAVE_STRINGS_H 1
| #define HAVE_INTTYPES_H 1
| #define HAVE_STDINT_H 1
| #define HAVE_UNISTD_H 1
| /* end confdefs.h.  */
| an_error "intentional-error-for-test.h"
| 
| int
| main ()
| {
| 
|   ;
|   return 0;
| }
configure:4532: result: yes
configure:4900: checking whether g++ accepts -Wextra
configure:4913: g++ -o conftest -I${prefix}/include -Wextra -Werror -I${prefix}/include -L${exec_prefix}/lib conftest.cpp  >&5
configure:4913: $? = 0
configure:4940: g++ -c -I${prefix}/include -Wextra -Werror -I${prefix}/include conftest.cpp >&5
conftest.cpp:19:1: error: 'an_error' does not name a type
   19 | an_error "intentional-error-for-test.h"
      | ^~~~~~~~
configure:4940: $? = 1
configure: failed program was:
| /* confdefs.h */
| #define PACKAGE_NAME "Verilator"
| #define PACKAGE_TARNAME "verilator"
| #define PACKAGE_VERSION "4.014 2019-05-08"
| #define PACKAGE_STRING "Verilator 4.014 2019-05-08"
| #define PACKAGE_BUGREPORT "https://www.veripool.org/verilator"
| #define PACKAGE_URL "https://www.veripool.org/verilator"
| #define STDC_HEADERS 1
| #define HAVE_SYS_TYPES_H 1
| #define HAVE_SYS_STAT_H 1
| #define HAVE_STDLIB_H 1
| #define HAVE_STRING_H 1
| #define HAVE_MEMORY_H 1
| #define HAVE_STRINGS_H 1
| #define HAVE_INTTYPES_H 1
| #define HAVE_STDINT_H 1
| #define HAVE_UNISTD_H 1
| /* end confdefs.h.  */
| an_error "intentional-error-for-test.h"
| 
| int
| main ()
| {
| 
|   ;
|   return 0;
| }
configure:4951: result: yes
configure:4967: checking whether g++ accepts -Wfloat-conversion
configure:4980: g++ -o conftest -I${prefix}/include -Wfloat-conversion -Werror -I${prefix}/include -L${exec_prefix}/lib conftest.cpp  >&5
configure:4980: $? = 0
configure:5007: g++ -c -I${prefix}/include -Wfloat-conversion -Werror -I${prefix}/include conftest.cpp >&5
conftest.cpp:19:1: error: 'an_error' does not name a type
   19 | an_error "intentional-error-for-test.h"
      | ^~~~~~~~
configure:5007: $? = 1
configure: failed program was:
| /* confdefs.h */
| #define PACKAGE_NAME "Verilator"
| #define PACKAGE_TARNAME "verilator"
| #define PACKAGE_VERSION "4.014 2019-05-08"
| #define PACKAGE_STRING "Verilator 4.014 2019-05-08"
| #define PACKAGE_BUGREPORT "https://www.veripool.org/verilator"
| #define PACKAGE_URL "https://www.veripool.org/verilator"
| #define STDC_HEADERS 1
| #define HAVE_SYS_TYPES_H 1
| #define HAVE_SYS_STAT_H 1
| #define HAVE_STDLIB_H 1
| #define HAVE_STRING_H 1
| #define HAVE_MEMORY_H 1
| #define HAVE_STRINGS_H 1
| #define HAVE_INTTYPES_H 1
| #define HAVE_STDINT_H 1
| #define HAVE_UNISTD_H 1
| /* end confdefs.h.  */
| an_error "intentional-error-for-test.h"
| 
| int
| main ()
| {
| 
|   ;
|   return 0;
| }
configure:5018: result: yes
configure:5034: checking whether g++ accepts -Wlogical-op
configure:5047: g++ -o conftest -I${prefix}/include -Wlogical-op -Werror -I${prefix}/include -L${exec_prefix}/lib conftest.cpp  >&5
configure:5047: $? = 0
configure:5074: g++ -c -I${prefix}/include -Wlogical-op -Werror -I${prefix}/include conftest.cpp >&5
conftest.cpp:19:1: error: 'an_error' does not name a type
   19 | an_error "intentional-error-for-test.h"
      | ^~~~~~~~
configure:5074: $? = 1
configure: failed program was:
| /* confdefs.h */
| #define PACKAGE_NAME "Verilator"
| #define PACKAGE_TARNAME "verilator"
| #define PACKAGE_VERSION "4.014 2019-05-08"
| #define PACKAGE_STRING "Verilator 4.014 2019-05-08"
| #define PACKAGE_BUGREPORT "https://www.veripool.org/verilator"
| #define PACKAGE_URL "https://www.veripool.org/verilator"
| #define STDC_HEADERS 1
| #define HAVE_SYS_TYPES_H 1
| #define HAVE_SYS_STAT_H 1
| #define HAVE_STDLIB_H 1
| #define HAVE_STRING_H 1
| #define HAVE_MEMORY_H 1
| #define HAVE_STRINGS_H 1
| #define HAVE_INTTYPES_H 1
| #define HAVE_STDINT_H 1
| #define HAVE_UNISTD_H 1
| /* end confdefs.h.  */
| an_error "intentional-error-for-test.h"
| 
| int
| main ()
| {
| 
|   ;
|   return 0;
| }
configure:5085: result: yes
configure:5101: checking whether g++ accepts -Wthread-safety
configure:5114: g++ -o conftest -I${prefix}/include -Wthread-safety -Werror -I${prefix}/include -L${exec_prefix}/lib conftest.cpp  >&5
g++: error: unrecognized command line option '-Wthread-safety'
configure:5114: $? = 1
configure: failed program was:
| /* confdefs.h */
| #define PACKAGE_NAME "Verilator"
| #define PACKAGE_TARNAME "verilator"
| #define PACKAGE_VERSION "4.014 2019-05-08"
| #define PACKAGE_STRING "Verilator 4.014 2019-05-08"
| #define PACKAGE_BUGREPORT "https://www.veripool.org/verilator"
| #define PACKAGE_URL "https://www.veripool.org/verilator"
| #define STDC_HEADERS 1
| #define HAVE_SYS_TYPES_H 1
| #define HAVE_SYS_STAT_H 1
| #define HAVE_STDLIB_H 1
| #define HAVE_STRING_H 1
| #define HAVE_MEMORY_H 1
| #define HAVE_STRINGS_H 1
| #define HAVE_INTTYPES_H 1
| #define HAVE_STDINT_H 1
| #define HAVE_UNISTD_H 1
| /* end confdefs.h.  */
| #include <new>
| int
| main ()
| {
| int* a=new int; delete a;
|   ;
|   return 0;
| }
configure:5141: g++ -c -I${prefix}/include -Wthread-safety -Werror -I${prefix}/include conftest.cpp >&5
g++: error: unrecognized command line option '-Wthread-safety'
configure:5141: $? = 1
configure: failed program was:
| /* confdefs.h */
| #define PACKAGE_NAME "Verilator"
| #define PACKAGE_TARNAME "verilator"
| #define PACKAGE_VERSION "4.014 2019-05-08"
| #define PACKAGE_STRING "Verilator 4.014 2019-05-08"
| #define PACKAGE_BUGREPORT "https://www.veripool.org/verilator"
| #define PACKAGE_URL "https://www.veripool.org/verilator"
| #define STDC_HEADERS 1
| #define HAVE_SYS_TYPES_H 1
| #define HAVE_SYS_STAT_H 1
| #define HAVE_STDLIB_H 1
| #define HAVE_STRING_H 1
| #define HAVE_MEMORY_H 1
| #define HAVE_STRINGS_H 1
| #define HAVE_INTTYPES_H 1
| #define HAVE_STDINT_H 1
| #define HAVE_UNISTD_H 1
| /* end confdefs.h.  */
| an_error "intentional-error-for-test.h"
| 
| int
| main ()
| {
| 
|   ;
|   return 0;
| }
configure:5152: result: no
configure:5171: checking whether g++ accepts -Qunused-arguments
configure:5184: g++ -o conftest -I${prefix}/include -Qunused-arguments -Werror -I${prefix}/include -L${exec_prefix}/lib conftest.cpp  >&5
g++: error: unrecognized command line option '-Qunused-arguments'
configure:5184: $? = 1
configure: failed program was:
| /* confdefs.h */
| #define PACKAGE_NAME "Verilator"
| #define PACKAGE_TARNAME "verilator"
| #define PACKAGE_VERSION "4.014 2019-05-08"
| #define PACKAGE_STRING "Verilator 4.014 2019-05-08"
| #define PACKAGE_BUGREPORT "https://www.veripool.org/verilator"
| #define PACKAGE_URL "https://www.veripool.org/verilator"
| #define STDC_HEADERS 1
| #define HAVE_SYS_TYPES_H 1
| #define HAVE_SYS_STAT_H 1
| #define HAVE_STDLIB_H 1
| #define HAVE_STRING_H 1
| #define HAVE_MEMORY_H 1
| #define HAVE_STRINGS_H 1
| #define HAVE_INTTYPES_H 1
| #define HAVE_STDINT_H 1
| #define HAVE_UNISTD_H 1
| /* end confdefs.h.  */
| #include <new>
| int
| main ()
| {
| int* a=new int; delete a;
|   ;
|   return 0;
| }
configure:5211: g++ -c -I${prefix}/include -Qunused-arguments -Werror -I${prefix}/include conftest.cpp >&5
g++: error: unrecognized command line option '-Qunused-arguments'
configure:5211: $? = 1
configure: failed program was:
| /* confdefs.h */
| #define PACKAGE_NAME "Verilator"
| #define PACKAGE_TARNAME "verilator"
| #define PACKAGE_VERSION "4.014 2019-05-08"
| #define PACKAGE_STRING "Verilator 4.014 2019-05-08"
| #define PACKAGE_BUGREPORT "https://www.veripool.org/verilator"
| #define PACKAGE_URL "https://www.veripool.org/verilator"
| #define STDC_HEADERS 1
| #define HAVE_SYS_TYPES_H 1
| #define HAVE_SYS_STAT_H 1
| #define HAVE_STDLIB_H 1
| #define HAVE_STRING_H 1
| #define HAVE_MEMORY_H 1
| #define HAVE_STRINGS_H 1
| #define HAVE_INTTYPES_H 1
| #define HAVE_STDINT_H 1
| #define HAVE_UNISTD_H 1
| /* end confdefs.h.  */
| an_error "intentional-error-for-test.h"
| 
| int
| main ()
| {
| 
|   ;
|   return 0;
| }
configure:5222: result: no
configure:5238: checking whether g++ accepts -faligned-new
configure:5251: g++ -o conftest -I${prefix}/include -faligned-new -Werror -I${prefix}/include -L${exec_prefix}/lib conftest.cpp  >&5
configure:5251: $? = 0
configure:5278: g++ -c -I${prefix}/include -faligned-new -Werror -I${prefix}/include conftest.cpp >&5
conftest.cpp:19:1: error: 'an_error' does not name a type
   19 | an_error "intentional-error-for-test.h"
      | ^~~~~~~~
configure:5278: $? = 1
configure: failed program was:
| /* confdefs.h */
| #define PACKAGE_NAME "Verilator"
| #define PACKAGE_TARNAME "verilator"
| #define PACKAGE_VERSION "4.014 2019-05-08"
| #define PACKAGE_STRING "Verilator 4.014 2019-05-08"
| #define PACKAGE_BUGREPORT "https://www.veripool.org/verilator"
| #define PACKAGE_URL "https://www.veripool.org/verilator"
| #define STDC_HEADERS 1
| #define HAVE_SYS_TYPES_H 1
| #define HAVE_SYS_STAT_H 1
| #define HAVE_STDLIB_H 1
| #define HAVE_STRING_H 1
| #define HAVE_MEMORY_H 1
| #define HAVE_STRINGS_H 1
| #define HAVE_INTTYPES_H 1
| #define HAVE_STDINT_H 1
| #define HAVE_UNISTD_H 1
| /* end confdefs.h.  */
| an_error "intentional-error-for-test.h"
| 
| int
| main ()
| {
| 
|   ;
|   return 0;
| }
configure:5289: result: yes
configure:5305: checking whether g++ accepts -Wno-unused-parameter
configure:5318: g++ -o conftest -I${prefix}/include -Wno-unused-parameter -Werror -I${prefix}/include -L${exec_prefix}/lib conftest.cpp  >&5
configure:5318: $? = 0
configure:5345: g++ -c -I${prefix}/include -Wno-unused-parameter -Werror -I${prefix}/include conftest.cpp >&5
conftest.cpp:19:1: error: 'an_error' does not name a type
   19 | an_error "intentional-error-for-test.h"
      | ^~~~~~~~
configure:5345: $? = 1
configure: failed program was:
| /* confdefs.h */
| #define PACKAGE_NAME "Verilator"
| #define PACKAGE_TARNAME "verilator"
| #define PACKAGE_VERSION "4.014 2019-05-08"
| #define PACKAGE_STRING "Verilator 4.014 2019-05-08"
| #define PACKAGE_BUGREPORT "https://www.veripool.org/verilator"
| #define PACKAGE_URL "https://www.veripool.org/verilator"
| #define STDC_HEADERS 1
| #define HAVE_SYS_TYPES_H 1
| #define HAVE_SYS_STAT_H 1
| #define HAVE_STDLIB_H 1
| #define HAVE_STRING_H 1
| #define HAVE_MEMORY_H 1
| #define HAVE_STRINGS_H 1
| #define HAVE_INTTYPES_H 1
| #define HAVE_STDINT_H 1
| #define HAVE_UNISTD_H 1
| /* end confdefs.h.  */
| an_error "intentional-error-for-test.h"
| 
| int
| main ()
| {
| 
|   ;
|   return 0;
| }
configure:5356: result: yes
configure:5372: checking whether g++ accepts -Wno-undefined-bool-conversion
configure:5385: g++ -o conftest -I${prefix}/include -Wno-undefined-bool-conversion -Werror -I${prefix}/include -L${exec_prefix}/lib conftest.cpp  >&5
configure:5385: $? = 0
configure:5412: g++ -c -I${prefix}/include -Wno-undefined-bool-conversion -Werror -I${prefix}/include conftest.cpp >&5
conftest.cpp:19:1: error: 'an_error' does not name a type
   19 | an_error "intentional-error-for-test.h"
      | ^~~~~~~~
cc1plus: error: unrecognized command line option '-Wno-undefined-bool-conversion' [-Werror]
cc1plus: all warnings being treated as errors
configure:5412: $? = 1
configure: failed program was:
| /* confdefs.h */
| #define PACKAGE_NAME "Verilator"
| #define PACKAGE_TARNAME "verilator"
| #define PACKAGE_VERSION "4.014 2019-05-08"
| #define PACKAGE_STRING "Verilator 4.014 2019-05-08"
| #define PACKAGE_BUGREPORT "https://www.veripool.org/verilator"
| #define PACKAGE_URL "https://www.veripool.org/verilator"
| #define STDC_HEADERS 1
| #define HAVE_SYS_TYPES_H 1
| #define HAVE_SYS_STAT_H 1
| #define HAVE_STDLIB_H 1
| #define HAVE_STRING_H 1
| #define HAVE_MEMORY_H 1
| #define HAVE_STRINGS_H 1
| #define HAVE_INTTYPES_H 1
| #define HAVE_STDINT_H 1
| #define HAVE_UNISTD_H 1
| /* end confdefs.h.  */
| an_error "intentional-error-for-test.h"
| 
| int
| main ()
| {
| 
|   ;
|   return 0;
| }
configure:5423: result: no
configure:5439: checking whether g++ accepts -Wno-shadow
configure:5452: g++ -o conftest -I${prefix}/include -Wno-shadow -Werror -I${prefix}/include -L${exec_prefix}/lib conftest.cpp  >&5
configure:5452: $? = 0
configure:5479: g++ -c -I${prefix}/include -Wno-shadow -Werror -I${prefix}/include conftest.cpp >&5
conftest.cpp:19:1: error: 'an_error' does not name a type
   19 | an_error "intentional-error-for-test.h"
      | ^~~~~~~~
configure:5479: $? = 1
configure: failed program was:
| /* confdefs.h */
| #define PACKAGE_NAME "Verilator"
| #define PACKAGE_TARNAME "verilator"
| #define PACKAGE_VERSION "4.014 2019-05-08"
| #define PACKAGE_STRING "Verilator 4.014 2019-05-08"
| #define PACKAGE_BUGREPORT "https://www.veripool.org/verilator"
| #define PACKAGE_URL "https://www.veripool.org/verilator"
| #define STDC_HEADERS 1
| #define HAVE_SYS_TYPES_H 1
| #define HAVE_SYS_STAT_H 1
| #define HAVE_STDLIB_H 1
| #define HAVE_STRING_H 1
| #define HAVE_MEMORY_H 1
| #define HAVE_STRINGS_H 1
| #define HAVE_INTTYPES_H 1
| #define HAVE_STDINT_H 1
| #define HAVE_UNISTD_H 1
| /* end confdefs.h.  */
| an_error "intentional-error-for-test.h"
| 
| int
| main ()
| {
| 
|   ;
|   return 0;
| }
configure:5490: result: yes
configure:5509: checking whether g++ accepts -Wno-char-subscripts
configure:5522: g++ -o conftest -I${prefix}/include -Wno-char-subscripts -Werror -I${prefix}/include -L${exec_prefix}/lib conftest.cpp  >&5
configure:5522: $? = 0
configure:5549: g++ -c -I${prefix}/include -Wno-char-subscripts -Werror -I${prefix}/include conftest.cpp >&5
conftest.cpp:19:1: error: 'an_error' does not name a type
   19 | an_error "intentional-error-for-test.h"
      | ^~~~~~~~
configure:5549: $? = 1
configure: failed program was:
| /* confdefs.h */
| #define PACKAGE_NAME "Verilator"
| #define PACKAGE_TARNAME "verilator"
| #define PACKAGE_VERSION "4.014 2019-05-08"
| #define PACKAGE_STRING "Verilator 4.014 2019-05-08"
| #define PACKAGE_BUGREPORT "https://www.veripool.org/verilator"
| #define PACKAGE_URL "https://www.veripool.org/verilator"
| #define STDC_HEADERS 1
| #define HAVE_SYS_TYPES_H 1
| #define HAVE_SYS_STAT_H 1
| #define HAVE_STDLIB_H 1
| #define HAVE_STRING_H 1
| #define HAVE_MEMORY_H 1
| #define HAVE_STRINGS_H 1
| #define HAVE_INTTYPES_H 1
| #define HAVE_STDINT_H 1
| #define HAVE_UNISTD_H 1
| /* end confdefs.h.  */
| an_error "intentional-error-for-test.h"
| 
| int
| main ()
| {
| 
|   ;
|   return 0;
| }
configure:5560: result: yes
configure:5576: checking whether g++ accepts -Wno-null-conversion
configure:5589: g++ -o conftest -I${prefix}/include -Wno-null-conversion -Werror -I${prefix}/include -L${exec_prefix}/lib conftest.cpp  >&5
configure:5589: $? = 0
configure:5616: g++ -c -I${prefix}/include -Wno-null-conversion -Werror -I${prefix}/include conftest.cpp >&5
conftest.cpp:19:1: error: 'an_error' does not name a type
   19 | an_error "intentional-error-for-test.h"
      | ^~~~~~~~
cc1plus: error: unrecognized command line option '-Wno-null-conversion' [-Werror]
cc1plus: all warnings being treated as errors
configure:5616: $? = 1
configure: failed program was:
| /* confdefs.h */
| #define PACKAGE_NAME "Verilator"
| #define PACKAGE_TARNAME "verilator"
| #define PACKAGE_VERSION "4.014 2019-05-08"
| #define PACKAGE_STRING "Verilator 4.014 2019-05-08"
| #define PACKAGE_BUGREPORT "https://www.veripool.org/verilator"
| #define PACKAGE_URL "https://www.veripool.org/verilator"
| #define STDC_HEADERS 1
| #define HAVE_SYS_TYPES_H 1
| #define HAVE_SYS_STAT_H 1
| #define HAVE_STDLIB_H 1
| #define HAVE_STRING_H 1
| #define HAVE_MEMORY_H 1
| #define HAVE_STRINGS_H 1
| #define HAVE_INTTYPES_H 1
| #define HAVE_STDINT_H 1
| #define HAVE_UNISTD_H 1
| /* end confdefs.h.  */
| an_error "intentional-error-for-test.h"
| 
| int
| main ()
| {
| 
|   ;
|   return 0;
| }
configure:5627: result: no
configure:5643: checking whether g++ accepts -Wno-parentheses-equality
configure:5656: g++ -o conftest -I${prefix}/include -Wno-parentheses-equality -Werror -I${prefix}/include -L${exec_prefix}/lib conftest.cpp  >&5
configure:5656: $? = 0
configure:5683: g++ -c -I${prefix}/include -Wno-parentheses-equality -Werror -I${prefix}/include conftest.cpp >&5
conftest.cpp:19:1: error: 'an_error' does not name a type
   19 | an_error "intentional-error-for-test.h"
      | ^~~~~~~~
cc1plus: error: unrecognized command line option '-Wno-parentheses-equality' [-Werror]
cc1plus: all warnings being treated as errors
configure:5683: $? = 1
configure: failed program was:
| /* confdefs.h */
| #define PACKAGE_NAME "Verilator"
| #define PACKAGE_TARNAME "verilator"
| #define PACKAGE_VERSION "4.014 2019-05-08"
| #define PACKAGE_STRING "Verilator 4.014 2019-05-08"
| #define PACKAGE_BUGREPORT "https://www.veripool.org/verilator"
| #define PACKAGE_URL "https://www.veripool.org/verilator"
| #define STDC_HEADERS 1
| #define HAVE_SYS_TYPES_H 1
| #define HAVE_SYS_STAT_H 1
| #define HAVE_STDLIB_H 1
| #define HAVE_STRING_H 1
| #define HAVE_MEMORY_H 1
| #define HAVE_STRINGS_H 1
| #define HAVE_INTTYPES_H 1
| #define HAVE_STDINT_H 1
| #define HAVE_UNISTD_H 1
| /* end confdefs.h.  */
| an_error "intentional-error-for-test.h"
| 
| int
| main ()
| {
| 
|   ;
|   return 0;
| }
configure:5694: result: no
configure:5710: checking whether g++ accepts -Wno-unused
configure:5723: g++ -o conftest -I${prefix}/include -Wno-unused -Werror -I${prefix}/include -L${exec_prefix}/lib conftest.cpp  >&5
configure:5723: $? = 0
configure:5750: g++ -c -I${prefix}/include -Wno-unused -Werror -I${prefix}/include conftest.cpp >&5
conftest.cpp:19:1: error: 'an_error' does not name a type
   19 | an_error "intentional-error-for-test.h"
      | ^~~~~~~~
configure:5750: $? = 1
configure: failed program was:
| /* confdefs.h */
| #define PACKAGE_NAME "Verilator"
| #define PACKAGE_TARNAME "verilator"
| #define PACKAGE_VERSION "4.014 2019-05-08"
| #define PACKAGE_STRING "Verilator 4.014 2019-05-08"
| #define PACKAGE_BUGREPORT "https://www.veripool.org/verilator"
| #define PACKAGE_URL "https://www.veripool.org/verilator"
| #define STDC_HEADERS 1
| #define HAVE_SYS_TYPES_H 1
| #define HAVE_SYS_STAT_H 1
| #define HAVE_STDLIB_H 1
| #define HAVE_STRING_H 1
| #define HAVE_MEMORY_H 1
| #define HAVE_STRINGS_H 1
| #define HAVE_INTTYPES_H 1
| #define HAVE_STDINT_H 1
| #define HAVE_UNISTD_H 1
| /* end confdefs.h.  */
| an_error "intentional-error-for-test.h"
| 
| int
| main ()
| {
| 
|   ;
|   return 0;
| }
configure:5761: result: yes
configure:5785: checking whether g++ accepts -faligned-new
configure:5798: g++ -o conftest -I${prefix}/include -faligned-new -Werror -I${prefix}/include -L${exec_prefix}/lib conftest.cpp  >&5
configure:5798: $? = 0
configure:5825: g++ -c -I${prefix}/include -faligned-new -Werror -I${prefix}/include conftest.cpp >&5
conftest.cpp:19:1: error: 'an_error' does not name a type
   19 | an_error "intentional-error-for-test.h"
      | ^~~~~~~~
configure:5825: $? = 1
configure: failed program was:
| /* confdefs.h */
| #define PACKAGE_NAME "Verilator"
| #define PACKAGE_TARNAME "verilator"
| #define PACKAGE_VERSION "4.014 2019-05-08"
| #define PACKAGE_STRING "Verilator 4.014 2019-05-08"
| #define PACKAGE_BUGREPORT "https://www.veripool.org/verilator"
| #define PACKAGE_URL "https://www.veripool.org/verilator"
| #define STDC_HEADERS 1
| #define HAVE_SYS_TYPES_H 1
| #define HAVE_SYS_STAT_H 1
| #define HAVE_STDLIB_H 1
| #define HAVE_STRING_H 1
| #define HAVE_MEMORY_H 1
| #define HAVE_STRINGS_H 1
| #define HAVE_INTTYPES_H 1
| #define HAVE_STDINT_H 1
| #define HAVE_UNISTD_H 1
| /* end confdefs.h.  */
| an_error "intentional-error-for-test.h"
| 
| int
| main ()
| {
| 
|   ;
|   return 0;
| }
configure:5836: result: yes
configure:5852: checking whether g++ accepts -fbracket-depth=4096
configure:5865: g++ -o conftest -I${prefix}/include -fbracket-depth=4096 -Werror -I${prefix}/include -L${exec_prefix}/lib conftest.cpp  >&5
g++: error: unrecognized command line option '-fbracket-depth=4096'
configure:5865: $? = 1
configure: failed program was:
| /* confdefs.h */
| #define PACKAGE_NAME "Verilator"
| #define PACKAGE_TARNAME "verilator"
| #define PACKAGE_VERSION "4.014 2019-05-08"
| #define PACKAGE_STRING "Verilator 4.014 2019-05-08"
| #define PACKAGE_BUGREPORT "https://www.veripool.org/verilator"
| #define PACKAGE_URL "https://www.veripool.org/verilator"
| #define STDC_HEADERS 1
| #define HAVE_SYS_TYPES_H 1
| #define HAVE_SYS_STAT_H 1
| #define HAVE_STDLIB_H 1
| #define HAVE_STRING_H 1
| #define HAVE_MEMORY_H 1
| #define HAVE_STRINGS_H 1
| #define HAVE_INTTYPES_H 1
| #define HAVE_STDINT_H 1
| #define HAVE_UNISTD_H 1
| /* end confdefs.h.  */
| #include <new>
| int
| main ()
| {
| int* a=new int; delete a;
|   ;
|   return 0;
| }
configure:5892: g++ -c -I${prefix}/include -fbracket-depth=4096 -Werror -I${prefix}/include conftest.cpp >&5
g++: error: unrecognized command line option '-fbracket-depth=4096'
configure:5892: $? = 1
configure: failed program was:
| /* confdefs.h */
| #define PACKAGE_NAME "Verilator"
| #define PACKAGE_TARNAME "verilator"
| #define PACKAGE_VERSION "4.014 2019-05-08"
| #define PACKAGE_STRING "Verilator 4.014 2019-05-08"
| #define PACKAGE_BUGREPORT "https://www.veripool.org/verilator"
| #define PACKAGE_URL "https://www.veripool.org/verilator"
| #define STDC_HEADERS 1
| #define HAVE_SYS_TYPES_H 1
| #define HAVE_SYS_STAT_H 1
| #define HAVE_STDLIB_H 1
| #define HAVE_STRING_H 1
| #define HAVE_MEMORY_H 1
| #define HAVE_STRINGS_H 1
| #define HAVE_INTTYPES_H 1
| #define HAVE_STDINT_H 1
| #define HAVE_UNISTD_H 1
| /* end confdefs.h.  */
| an_error "intentional-error-for-test.h"
| 
| int
| main ()
| {
| 
|   ;
|   return 0;
| }
configure:5903: result: no
configure:5919: checking whether g++ accepts -Qunused-arguments
configure:5932: g++ -o conftest -I${prefix}/include -Qunused-arguments -Werror -I${prefix}/include -L${exec_prefix}/lib conftest.cpp  >&5
g++: error: unrecognized command line option '-Qunused-arguments'
configure:5932: $? = 1
configure: failed program was:
| /* confdefs.h */
| #define PACKAGE_NAME "Verilator"
| #define PACKAGE_TARNAME "verilator"
| #define PACKAGE_VERSION "4.014 2019-05-08"
| #define PACKAGE_STRING "Verilator 4.014 2019-05-08"
| #define PACKAGE_BUGREPORT "https://www.veripool.org/verilator"
| #define PACKAGE_URL "https://www.veripool.org/verilator"
| #define STDC_HEADERS 1
| #define HAVE_SYS_TYPES_H 1
| #define HAVE_SYS_STAT_H 1
| #define HAVE_STDLIB_H 1
| #define HAVE_STRING_H 1
| #define HAVE_MEMORY_H 1
| #define HAVE_STRINGS_H 1
| #define HAVE_INTTYPES_H 1
| #define HAVE_STDINT_H 1
| #define HAVE_UNISTD_H 1
| /* end confdefs.h.  */
| #include <new>
| int
| main ()
| {
| int* a=new int; delete a;
|   ;
|   return 0;
| }
configure:5959: g++ -c -I${prefix}/include -Qunused-arguments -Werror -I${prefix}/include conftest.cpp >&5
g++: error: unrecognized command line option '-Qunused-arguments'
configure:5959: $? = 1
configure: failed program was:
| /* confdefs.h */
| #define PACKAGE_NAME "Verilator"
| #define PACKAGE_TARNAME "verilator"
| #define PACKAGE_VERSION "4.014 2019-05-08"
| #define PACKAGE_STRING "Verilator 4.014 2019-05-08"
| #define PACKAGE_BUGREPORT "https://www.veripool.org/verilator"
| #define PACKAGE_URL "https://www.veripool.org/verilator"
| #define STDC_HEADERS 1
| #define HAVE_SYS_TYPES_H 1
| #define HAVE_SYS_STAT_H 1
| #define HAVE_STDLIB_H 1
| #define HAVE_STRING_H 1
| #define HAVE_MEMORY_H 1
| #define HAVE_STRINGS_H 1
| #define HAVE_INTTYPES_H 1
| #define HAVE_STDINT_H 1
| #define HAVE_UNISTD_H 1
| /* end confdefs.h.  */
| an_error "intentional-error-for-test.h"
| 
| int
| main ()
| {
| 
|   ;
|   return 0;
| }
configure:5970: result: no
configure:5986: checking whether g++ accepts -Wno-bool-operation
configure:5999: g++ -o conftest -I${prefix}/include -Wno-bool-operation -Werror -I${prefix}/include -L${exec_prefix}/lib conftest.cpp  >&5
configure:5999: $? = 0
configure:6026: g++ -c -I${prefix}/include -Wno-bool-operation -Werror -I${prefix}/include conftest.cpp >&5
conftest.cpp:19:1: error: 'an_error' does not name a type
   19 | an_error "intentional-error-for-test.h"
      | ^~~~~~~~
configure:6026: $? = 1
configure: failed program was:
| /* confdefs.h */
| #define PACKAGE_NAME "Verilator"
| #define PACKAGE_TARNAME "verilator"
| #define PACKAGE_VERSION "4.014 2019-05-08"
| #define PACKAGE_STRING "Verilator 4.014 2019-05-08"
| #define PACKAGE_BUGREPORT "https://www.veripool.org/verilator"
| #define PACKAGE_URL "https://www.veripool.org/verilator"
| #define STDC_HEADERS 1
| #define HAVE_SYS_TYPES_H 1
| #define HAVE_SYS_STAT_H 1
| #define HAVE_STDLIB_H 1
| #define HAVE_STRING_H 1
| #define HAVE_MEMORY_H 1
| #define HAVE_STRINGS_H 1
| #define HAVE_INTTYPES_H 1
| #define HAVE_STDINT_H 1
| #define HAVE_UNISTD_H 1
| /* end confdefs.h.  */
| an_error "intentional-error-for-test.h"
| 
| int
| main ()
| {
| 
|   ;
|   return 0;
| }
configure:6037: result: yes
configure:6053: checking whether g++ accepts -Wno-parentheses-equality
configure:6066: g++ -o conftest -I${prefix}/include -Wno-parentheses-equality -Werror -I${prefix}/include -L${exec_prefix}/lib conftest.cpp  >&5
configure:6066: $? = 0
configure:6093: g++ -c -I${prefix}/include -Wno-parentheses-equality -Werror -I${prefix}/include conftest.cpp >&5
conftest.cpp:19:1: error: 'an_error' does not name a type
   19 | an_error "intentional-error-for-test.h"
      | ^~~~~~~~
cc1plus: error: unrecognized command line option '-Wno-parentheses-equality' [-Werror]
cc1plus: all warnings being treated as errors
configure:6093: $? = 1
configure: failed program was:
| /* confdefs.h */
| #define PACKAGE_NAME "Verilator"
| #define PACKAGE_TARNAME "verilator"
| #define PACKAGE_VERSION "4.014 2019-05-08"
| #define PACKAGE_STRING "Verilator 4.014 2019-05-08"
| #define PACKAGE_BUGREPORT "https://www.veripool.org/verilator"
| #define PACKAGE_URL "https://www.veripool.org/verilator"
| #define STDC_HEADERS 1
| #define HAVE_SYS_TYPES_H 1
| #define HAVE_SYS_STAT_H 1
| #define HAVE_STDLIB_H 1
| #define HAVE_STRING_H 1
| #define HAVE_MEMORY_H 1
| #define HAVE_STRINGS_H 1
| #define HAVE_INTTYPES_H 1
| #define HAVE_STDINT_H 1
| #define HAVE_UNISTD_H 1
| /* end confdefs.h.  */
| an_error "intentional-error-for-test.h"
| 
| int
| main ()
| {
| 
|   ;
|   return 0;
| }
configure:6104: result: no
configure:6120: checking whether g++ accepts -Wno-sign-compare
configure:6133: g++ -o conftest -I${prefix}/include -Wno-sign-compare -Werror -I${prefix}/include -L${exec_prefix}/lib conftest.cpp  >&5
configure:6133: $? = 0
configure:6160: g++ -c -I${prefix}/include -Wno-sign-compare -Werror -I${prefix}/include conftest.cpp >&5
conftest.cpp:19:1: error: 'an_error' does not name a type
   19 | an_error "intentional-error-for-test.h"
      | ^~~~~~~~
configure:6160: $? = 1
configure: failed program was:
| /* confdefs.h */
| #define PACKAGE_NAME "Verilator"
| #define PACKAGE_TARNAME "verilator"
| #define PACKAGE_VERSION "4.014 2019-05-08"
| #define PACKAGE_STRING "Verilator 4.014 2019-05-08"
| #define PACKAGE_BUGREPORT "https://www.veripool.org/verilator"
| #define PACKAGE_URL "https://www.veripool.org/verilator"
| #define STDC_HEADERS 1
| #define HAVE_SYS_TYPES_H 1
| #define HAVE_SYS_STAT_H 1
| #define HAVE_STDLIB_H 1
| #define HAVE_STRING_H 1
| #define HAVE_MEMORY_H 1
| #define HAVE_STRINGS_H 1
| #define HAVE_INTTYPES_H 1
| #define HAVE_STDINT_H 1
| #define HAVE_UNISTD_H 1
| /* end confdefs.h.  */
| an_error "intentional-error-for-test.h"
| 
| int
| main ()
| {
| 
|   ;
|   return 0;
| }
configure:6171: result: yes
configure:6187: checking whether g++ accepts -Wno-uninitialized
configure:6200: g++ -o conftest -I${prefix}/include -Wno-uninitialized -Werror -I${prefix}/include -L${exec_prefix}/lib conftest.cpp  >&5
configure:6200: $? = 0
configure:6227: g++ -c -I${prefix}/include -Wno-uninitialized -Werror -I${prefix}/include conftest.cpp >&5
conftest.cpp:19:1: error: 'an_error' does not name a type
   19 | an_error "intentional-error-for-test.h"
      | ^~~~~~~~
configure:6227: $? = 1
configure: failed program was:
| /* confdefs.h */
| #define PACKAGE_NAME "Verilator"
| #define PACKAGE_TARNAME "verilator"
| #define PACKAGE_VERSION "4.014 2019-05-08"
| #define PACKAGE_STRING "Verilator 4.014 2019-05-08"
| #define PACKAGE_BUGREPORT "https://www.veripool.org/verilator"
| #define PACKAGE_URL "https://www.veripool.org/verilator"
| #define STDC_HEADERS 1
| #define HAVE_SYS_TYPES_H 1
| #define HAVE_SYS_STAT_H 1
| #define HAVE_STDLIB_H 1
| #define HAVE_STRING_H 1
| #define HAVE_MEMORY_H 1
| #define HAVE_STRINGS_H 1
| #define HAVE_INTTYPES_H 1
| #define HAVE_STDINT_H 1
| #define HAVE_UNISTD_H 1
| /* end confdefs.h.  */
| an_error "intentional-error-for-test.h"
| 
| int
| main ()
| {
| 
|   ;
|   return 0;
| }
configure:6238: result: yes
configure:6254: checking whether g++ accepts -Wno-unused-but-set-variable
configure:6267: g++ -o conftest -I${prefix}/include -Wno-unused-but-set-variable -Werror -I${prefix}/include -L${exec_prefix}/lib conftest.cpp  >&5
configure:6267: $? = 0
configure:6294: g++ -c -I${prefix}/include -Wno-unused-but-set-variable -Werror -I${prefix}/include conftest.cpp >&5
conftest.cpp:19:1: error: 'an_error' does not name a type
   19 | an_error "intentional-error-for-test.h"
      | ^~~~~~~~
configure:6294: $? = 1
configure: failed program was:
| /* confdefs.h */
| #define PACKAGE_NAME "Verilator"
| #define PACKAGE_TARNAME "verilator"
| #define PACKAGE_VERSION "4.014 2019-05-08"
| #define PACKAGE_STRING "Verilator 4.014 2019-05-08"
| #define PACKAGE_BUGREPORT "https://www.veripool.org/verilator"
| #define PACKAGE_URL "https://www.veripool.org/verilator"
| #define STDC_HEADERS 1
| #define HAVE_SYS_TYPES_H 1
| #define HAVE_SYS_STAT_H 1
| #define HAVE_STDLIB_H 1
| #define HAVE_STRING_H 1
| #define HAVE_MEMORY_H 1
| #define HAVE_STRINGS_H 1
| #define HAVE_INTTYPES_H 1
| #define HAVE_STDINT_H 1
| #define HAVE_UNISTD_H 1
| /* end confdefs.h.  */
| an_error "intentional-error-for-test.h"
| 
| int
| main ()
| {
| 
|   ;
|   return 0;
| }
configure:6305: result: yes
configure:6321: checking whether g++ accepts -Wno-unused-parameter
configure:6334: g++ -o conftest -I${prefix}/include -Wno-unused-parameter -Werror -I${prefix}/include -L${exec_prefix}/lib conftest.cpp  >&5
configure:6334: $? = 0
configure:6361: g++ -c -I${prefix}/include -Wno-unused-parameter -Werror -I${prefix}/include conftest.cpp >&5
conftest.cpp:19:1: error: 'an_error' does not name a type
   19 | an_error "intentional-error-for-test.h"
      | ^~~~~~~~
configure:6361: $? = 1
configure: failed program was:
| /* confdefs.h */
| #define PACKAGE_NAME "Verilator"
| #define PACKAGE_TARNAME "verilator"
| #define PACKAGE_VERSION "4.014 2019-05-08"
| #define PACKAGE_STRING "Verilator 4.014 2019-05-08"
| #define PACKAGE_BUGREPORT "https://www.veripool.org/verilator"
| #define PACKAGE_URL "https://www.veripool.org/verilator"
| #define STDC_HEADERS 1
| #define HAVE_SYS_TYPES_H 1
| #define HAVE_SYS_STAT_H 1
| #define HAVE_STDLIB_H 1
| #define HAVE_STRING_H 1
| #define HAVE_MEMORY_H 1
| #define HAVE_STRINGS_H 1
| #define HAVE_INTTYPES_H 1
| #define HAVE_STDINT_H 1
| #define HAVE_UNISTD_H 1
| /* end confdefs.h.  */
| an_error "intentional-error-for-test.h"
| 
| int
| main ()
| {
| 
|   ;
|   return 0;
| }
configure:6372: result: yes
configure:6388: checking whether g++ accepts -Wno-unused-variable
configure:6401: g++ -o conftest -I${prefix}/include -Wno-unused-variable -Werror -I${prefix}/include -L${exec_prefix}/lib conftest.cpp  >&5
configure:6401: $? = 0
configure:6428: g++ -c -I${prefix}/include -Wno-unused-variable -Werror -I${prefix}/include conftest.cpp >&5
conftest.cpp:19:1: error: 'an_error' does not name a type
   19 | an_error "intentional-error-for-test.h"
      | ^~~~~~~~
configure:6428: $? = 1
configure: failed program was:
| /* confdefs.h */
| #define PACKAGE_NAME "Verilator"
| #define PACKAGE_TARNAME "verilator"
| #define PACKAGE_VERSION "4.014 2019-05-08"
| #define PACKAGE_STRING "Verilator 4.014 2019-05-08"
| #define PACKAGE_BUGREPORT "https://www.veripool.org/verilator"
| #define PACKAGE_URL "https://www.veripool.org/verilator"
| #define STDC_HEADERS 1
| #define HAVE_SYS_TYPES_H 1
| #define HAVE_SYS_STAT_H 1
| #define HAVE_STDLIB_H 1
| #define HAVE_STRING_H 1
| #define HAVE_MEMORY_H 1
| #define HAVE_STRINGS_H 1
| #define HAVE_INTTYPES_H 1
| #define HAVE_STDINT_H 1
| #define HAVE_UNISTD_H 1
| /* end confdefs.h.  */
| an_error "intentional-error-for-test.h"
| 
| int
| main ()
| {
| 
|   ;
|   return 0;
| }
configure:6439: result: yes
configure:6455: checking whether g++ accepts -Wno-shadow
configure:6468: g++ -o conftest -I${prefix}/include -Wno-shadow -Werror -I${prefix}/include -L${exec_prefix}/lib conftest.cpp  >&5
configure:6468: $? = 0
configure:6495: g++ -c -I${prefix}/include -Wno-shadow -Werror -I${prefix}/include conftest.cpp >&5
conftest.cpp:19:1: error: 'an_error' does not name a type
   19 | an_error "intentional-error-for-test.h"
      | ^~~~~~~~
configure:6495: $? = 1
configure: failed program was:
| /* confdefs.h */
| #define PACKAGE_NAME "Verilator"
| #define PACKAGE_TARNAME "verilator"
| #define PACKAGE_VERSION "4.014 2019-05-08"
| #define PACKAGE_STRING "Verilator 4.014 2019-05-08"
| #define PACKAGE_BUGREPORT "https://www.veripool.org/verilator"
| #define PACKAGE_URL "https://www.veripool.org/verilator"
| #define STDC_HEADERS 1
| #define HAVE_SYS_TYPES_H 1
| #define HAVE_SYS_STAT_H 1
| #define HAVE_STDLIB_H 1
| #define HAVE_STRING_H 1
| #define HAVE_MEMORY_H 1
| #define HAVE_STRINGS_H 1
| #define HAVE_INTTYPES_H 1
| #define HAVE_STDINT_H 1
| #define HAVE_UNISTD_H 1
| /* end confdefs.h.  */
| an_error "intentional-error-for-test.h"
| 
| int
| main ()
| {
| 
|   ;
|   return 0;
| }
configure:6506: result: yes
configure:6523: checking whether g++ linker accepts -mt
configure:6536: g++ -o conftest -I${prefix}/include -I${prefix}/include -L${exec_prefix}/lib conftest.cpp  -mt >&5
g++: error: unrecognized command line option '-mt'; did you mean '-t'?
configure:6536: $? = 1
configure: failed program was:
| /* confdefs.h */
| #define PACKAGE_NAME "Verilator"
| #define PACKAGE_TARNAME "verilator"
| #define PACKAGE_VERSION "4.014 2019-05-08"
| #define PACKAGE_STRING "Verilator 4.014 2019-05-08"
| #define PACKAGE_BUGREPORT "https://www.veripool.org/verilator"
| #define PACKAGE_URL "https://www.veripool.org/verilator"
| #define STDC_HEADERS 1
| #define HAVE_SYS_TYPES_H 1
| #define HAVE_SYS_STAT_H 1
| #define HAVE_STDLIB_H 1
| #define HAVE_STRING_H 1
| #define HAVE_MEMORY_H 1
| #define HAVE_STRINGS_H 1
| #define HAVE_INTTYPES_H 1
| #define HAVE_STDINT_H 1
| #define HAVE_UNISTD_H 1
| /* end confdefs.h.  */
| 
| int
| main ()
| {
| 
|   ;
|   return 0;
| }
configure:6548: result: no
configure:6562: checking whether g++ linker accepts -pthread
configure:6575: g++ -o conftest -I${prefix}/include -I${prefix}/include -L${exec_prefix}/lib conftest.cpp  -pthread >&5
configure:6575: $? = 0
configure:6587: result: yes
configure:6601: checking whether g++ linker accepts -lpthread
configure:6614: g++ -o conftest -I${prefix}/include -I${prefix}/include -L${exec_prefix}/lib conftest.cpp  -lpthread >&5
configure:6614: $? = 0
configure:6626: result: yes
configure:6640: checking whether g++ linker accepts -latomic
configure:6653: g++ -o conftest -I${prefix}/include -I${prefix}/include -L${exec_prefix}/lib conftest.cpp  -latomic >&5
configure:6653: $? = 0
configure:6665: result: yes
configure:6676: checking whether g++ supports Verilated threads
configure:6691: g++ -o conftest -I${prefix}/include -std=gnu++14  -faligned-new -Wno-bool-operation -Wno-sign-compare -Wno-uninitialized -Wno-unused-but-set-variable -Wno-unused-parameter -Wno-unused-variable -Wno-shadow -I${prefix}/include -L${exec_prefix}/lib conftest.cpp  >&5
configure:6691: $? = 0
configure:6705: result: yes
configure:6726: checking for struct stat.st_mtim.tv_nsec
configure:6726: g++ -c -I${prefix}/include -std=gnu++14  -faligned-new -Wno-bool-operation -Wno-sign-compare -Wno-uninitialized -Wno-unused-but-set-variable -Wno-unused-parameter -Wno-unused-variable -Wno-shadow -I${prefix}/include conftest.cpp >&5
configure:6726: $? = 0
configure:6726: result: yes
configure:6849: creating ./config.status

## ---------------------- ##
## Running config.status. ##
## ---------------------- ##

This file was extended by Verilator config.status 4.014 2019-05-08, which was
generated by GNU Autoconf 2.69.  Invocation command line was

  CONFIG_FILES    = 
  CONFIG_HEADERS  = 
  CONFIG_LINKS    = 
  CONFIG_COMMANDS = 
  $ ./config.status 

on ethan-XPS-15-9560

config.status:827: creating Makefile
config.status:827: creating src/Makefile
config.status:827: creating src/Makefile_obj
config.status:827: creating include/verilated.mk
config.status:827: creating include/verilated_config.h
config.status:827: creating verilator.pc
config.status:827: creating src/config_build.h
config.status:1002: src/config_build.h is unchanged
configure:8020: result: 
configure:8022: result: Now type 'make' (or sometimes 'gmake') to build Verilator.
configure:8024: result: 

## ---------------- ##
## Cache variables. ##
## ---------------- ##

ac_cv_c_compiler_gnu=yes
ac_cv_c_inline=inline
ac_cv_cxx_compiler_gnu=yes
ac_cv_env_CCC_set=
ac_cv_env_CCC_value=
ac_cv_env_CC_set=set
ac_cv_env_CC_value=gcc
ac_cv_env_CFLAGS_set=
ac_cv_env_CFLAGS_value=
ac_cv_env_CPPFLAGS_set=
ac_cv_env_CPPFLAGS_value=
ac_cv_env_CXXCPP_set=
ac_cv_env_CXXCPP_value=
ac_cv_env_CXXFLAGS_set=
ac_cv_env_CXXFLAGS_value=
ac_cv_env_CXX_set=set
ac_cv_env_CXX_value=g++
ac_cv_env_LDFLAGS_set=
ac_cv_env_LDFLAGS_value=
ac_cv_env_LIBS_set=
ac_cv_env_LIBS_value=
ac_cv_env_build_alias_set=
ac_cv_env_build_alias_value=
ac_cv_env_host_alias_set=
ac_cv_env_host_alias_value=
ac_cv_env_target_alias_set=
ac_cv_env_target_alias_value=
ac_cv_header_inttypes_h=yes
ac_cv_header_memory_h=yes
ac_cv_header_stdc=yes
ac_cv_header_stdint_h=yes
ac_cv_header_stdlib_h=yes
ac_cv_header_string_h=yes
ac_cv_header_strings_h=yes
ac_cv_header_sys_stat_h=yes
ac_cv_header_sys_types_h=yes
ac_cv_header_unistd_h=yes
ac_cv_member_struct_stat_st_mtim_tv_nsec=yes
ac_cv_objext=o
ac_cv_path_EGREP='/usr/bin/grep -E'
ac_cv_path_GREP=/usr/bin/grep
ac_cv_path_LEX=/usr/bin/flex
ac_cv_path_PERL=/usr/bin/perl
ac_cv_path_YACC=/usr/bin/bison
ac_cv_path_install='/usr/bin/install -c'
ac_cv_prog_CXXCPP='g++ -E'
ac_cv_prog_ac_ct_CC=gcc
ac_cv_prog_cc_c89=
ac_cv_prog_cc_g=yes
ac_cv_prog_cxx_g=yes
ac_cv_type_size_t=yes

## ----------------- ##
## Output variables. ##
## ----------------- ##

CC='gcc'
CFG_CXXFLAGS_NO_UNUSED=' -faligned-new -Wno-bool-operation -Wno-sign-compare -Wno-uninitialized -Wno-unused-but-set-variable -Wno-unused-parameter -Wno-unused-variable -Wno-shadow'
CFG_CXXFLAGS_PARSER=' -Wno-char-subscripts -Wno-unused'
CFG_CXXFLAGS_SRC=' -faligned-new -Wno-unused-parameter -Wno-shadow'
CFG_CXXFLAGS_STD_NEWEST='-std=gnu++14'
CFG_CXXFLAGS_STD_OLDEST='-std=c++03'
CFG_CXXFLAGS_WEXTRA=' -Wextra -Wfloat-conversion -Wlogical-op'
CFG_LDLIBS_THREADS=' -pthread -lpthread -latomic'
CFG_WITH_CCWARN='no'
CFG_WITH_DEFENV='yes'
CFG_WITH_LONGTESTS='no'
CFG_WITH_PREC11='no'
CFG_WITH_THREADED='yes'
CFLAGS='-I${prefix}/include'
CPPFLAGS='-I${prefix}/include'
CXX='g++'
CXXCPP='g++ -E'
CXXFLAGS='-I${prefix}/include -std=gnu++14  -faligned-new -Wno-bool-operation -Wno-sign-compare -Wno-uninitialized -Wno-unused-but-set-variable -Wno-unused-parameter -Wno-unused-variable -Wno-shadow'
DEFS='-DHAVE_CONFIG_H'
ECHO_C=''
ECHO_N='-n'
ECHO_T=''
EGREP='/usr/bin/grep -E'
EXEEXT=''
GREP='/usr/bin/grep'
INSTALL_DATA='${INSTALL} -m 644'
INSTALL_PROGRAM='${INSTALL}'
INSTALL_SCRIPT='${INSTALL}'
LDFLAGS='-L${exec_prefix}/lib'
LEX='/usr/bin/flex'
LIBOBJS=''
LIBS=''
LTLIBOBJS=''
OBJEXT='o'
PACKAGE_BUGREPORT='https://www.veripool.org/verilator'
PACKAGE_NAME='Verilator'
PACKAGE_STRING='Verilator 4.014 2019-05-08'
PACKAGE_TARNAME='verilator'
PACKAGE_URL='https://www.veripool.org/verilator'
PACKAGE_VERSION='4.014 2019-05-08'
PATH_SEPARATOR=':'
PERL='/usr/bin/perl'
SHELL='/bin/bash'
YACC='/usr/bin/bison'
ac_ct_CC='gcc'
ac_ct_CXX=''
bindir='${exec_prefix}/bin'
build_alias=''
datadir='${datarootdir}'
datarootdir='${prefix}/share'
docdir='${datarootdir}/doc/${PACKAGE_TARNAME}'
dvidir='${docdir}'
exec_prefix='${prefix}'
host_alias=''
htmldir='${docdir}'
includedir='${prefix}/include'
infodir='${datarootdir}/info'
libdir='${exec_prefix}/lib'
libexecdir='${exec_prefix}/libexec'
localedir='${datarootdir}/locale'
localstatedir='${prefix}/var'
mandir='${datarootdir}/man'
oldincludedir='/usr/include'
pdfdir='${docdir}'
pkgconfigdir='${datarootdir}/pkgconfig'
pkgdatadir='${datarootdir}/verilator'
prefix='/home/ethan/Documents/openpiton/piton/design/chip/tile/ariane//tmp/verilator-4.014'
program_transform_name='s,x,x,'
psdir='${docdir}'
runstatedir='${localstatedir}/run'
sbindir='${exec_prefix}/sbin'
sharedstatedir='${prefix}/com'
sysconfdir='${prefix}/etc'
target_alias=''

## ----------- ##
## confdefs.h. ##
## ----------- ##

/* confdefs.h */
#define PACKAGE_NAME "Verilator"
#define PACKAGE_TARNAME "verilator"
#define PACKAGE_VERSION "4.014 2019-05-08"
#define PACKAGE_STRING "Verilator 4.014 2019-05-08"
#define PACKAGE_BUGREPORT "https://www.veripool.org/verilator"
#define PACKAGE_URL "https://www.veripool.org/verilator"
#define STDC_HEADERS 1
#define HAVE_SYS_TYPES_H 1
#define HAVE_SYS_STAT_H 1
#define HAVE_STDLIB_H 1
#define HAVE_STRING_H 1
#define HAVE_MEMORY_H 1
#define HAVE_STRINGS_H 1
#define HAVE_INTTYPES_H 1
#define HAVE_STDINT_H 1
#define HAVE_UNISTD_H 1
#define HAVE_STAT_NSEC 1

configure: exit 0
